==120875== Memcheck, a memory error detector
==120875== Copyright (C) 2002-2017, and GNU GPL'd, by Julian Seward et al.
==120875== Using Valgrind-3.18.1-42b08ed5bd-20211015 and LibVEX; rerun with -h for copyright info
==120875== Command: cmake --build build --target check0
==120875== Parent PID: 120874
==120875== 
--120875-- 
--120875-- Valgrind options:
--120875--    --leak-check=full
--120875--    --show-leak-kinds=all
--120875--    --track-origins=yes
--120875--    --verbose
--120875--    --log-file=valgrind.out
--120875-- Contents of /proc/version:
--120875--   Linux version 6.5.0-41-generic (buildd@lcy02-amd64-120) (x86_64-linux-gnu-gcc-12 (Ubuntu 12.3.0-1ubuntu1~22.04) 12.3.0, GNU ld (GNU Binutils for Ubuntu) 2.38) #41~22.04.2-Ubuntu SMP PREEMPT_DYNAMIC Mon Jun  3 11:32:55 UTC 2
--120875-- 
--120875-- Arch and hwcaps: AMD64, LittleEndian, amd64-cx16-lzcnt-rdtscp-sse3-ssse3-avx-avx2-bmi-f16c-rdrand-rdseed
--120875-- Page sizes: currently 4096, max supported 4096
--120875-- Valgrind library directory: /usr/libexec/valgrind
--120875-- Reading syms from /usr/bin/cmake
--120875--    object doesn't have a symbol table
--120875-- Reading syms from /usr/lib/x86_64-linux-gnu/ld-linux-x86-64.so.2
--120875--   Considering /usr/lib/debug/.build-id/41/86944c50f8a32b47d74931e3f512b811813b64.debug ..
--120875--   .. build-id is valid
--120875-- Reading syms from /usr/libexec/valgrind/memcheck-amd64-linux
--120875--    object doesn't have a symbol table
--120875--    object doesn't have a dynamic symbol table
--120875-- Scheduler: using generic scheduler lock implementation.
--120875-- Reading suppressions file: /usr/libexec/valgrind/default.supp
==120875== embedded gdbserver: reading from /tmp/vgdb-pipe-from-vgdb-to-120875-by-root-on-???
==120875== embedded gdbserver: writing to   /tmp/vgdb-pipe-to-vgdb-from-120875-by-root-on-???
==120875== embedded gdbserver: shared mem   /tmp/vgdb-pipe-shared-mem-vgdb-120875-by-root-on-???
==120875== 
==120875== TO CONTROL THIS PROCESS USING vgdb (which you probably
==120875== don't want to do, unless you know exactly what you're doing,
==120875== or are doing some strange experiment):
==120875==   /usr/bin/vgdb --pid=120875 ...command...
==120875== 
==120875== TO DEBUG THIS PROCESS USING GDB: start GDB like this
==120875==   /path/to/gdb cmake
==120875== and then give GDB the following command
==120875==   target remote | /usr/bin/vgdb --pid=120875
==120875== --pid is optional if only one valgrind process is running
==120875== 
--120875-- REDIR: 0x402aa40 (ld-linux-x86-64.so.2:strlen) redirected to 0x580bcec2 (???)
--120875-- REDIR: 0x402a810 (ld-linux-x86-64.so.2:index) redirected to 0x580bcedc (???)
--120875-- Reading syms from /usr/libexec/valgrind/vgpreload_core-amd64-linux.so
--120875--    object doesn't have a symbol table
--120875-- Reading syms from /usr/libexec/valgrind/vgpreload_memcheck-amd64-linux.so
--120875--    object doesn't have a symbol table
==120875== WARNING: new redirection conflicts with existing -- ignoring it
--120875--     old: 0x0402aa40 (strlen              ) R-> (0000.0) 0x580bcec2 ???
--120875--     new: 0x0402aa40 (strlen              ) R-> (2007.0) 0x0484ee30 strlen
--120875-- REDIR: 0x4027220 (ld-linux-x86-64.so.2:strcmp) redirected to 0x484fcd0 (strcmp)
--120875-- REDIR: 0x402afa0 (ld-linux-x86-64.so.2:mempcpy) redirected to 0x4853840 (mempcpy)
--120875-- Reading syms from /usr/lib/x86_64-linux-gnu/libdl.so.2
--120875--   Considering /usr/lib/debug/.build-id/6f/6fe1a24b7b981e11c9a3373b806d3496d4d9d4.debug ..
--120875--   .. build-id is valid
--120875-- Reading syms from /usr/lib/x86_64-linux-gnu/librt.so.1
--120875--   Considering /usr/lib/debug/.build-id/fa/3a0740c79389792000620954a14ee7c2126aa0.debug ..
--120875--   .. build-id is valid
--120875-- Reading syms from /usr/lib/x86_64-linux-gnu/libpthread.so.0
--120875-- Reading syms from /usr/lib/x86_64-linux-gnu/libm.so.6
--120875--   Considering /usr/lib/debug/.build-id/a5/08ec5d8bf12fb7fd08204e0f87518e5cd0b102.debug ..
--120875--   .. build-id is valid
--120875-- Reading syms from /usr/lib/x86_64-linux-gnu/libc.so.6
--120875--   Considering /usr/lib/debug/.build-id/49/0fef8403240c91833978d494d39e537409b92e.debug ..
--120875--   .. build-id is valid
==120875== WARNING: new redirection conflicts with existing -- ignoring it
--120875--     old: 0x04a08c60 (memalign            ) R-> (1011.0) 0x0484e080 memalign
--120875--     new: 0x04a08c60 (memalign            ) R-> (1017.0) 0x0484e050 aligned_alloc
==120875== WARNING: new redirection conflicts with existing -- ignoring it
--120875--     old: 0x04a08c60 (memalign            ) R-> (1011.0) 0x0484e080 memalign
--120875--     new: 0x04a08c60 (memalign            ) R-> (1017.0) 0x0484e020 aligned_alloc
==120875== WARNING: new redirection conflicts with existing -- ignoring it
--120875--     old: 0x04a08c60 (memalign            ) R-> (1011.0) 0x0484e080 memalign
--120875--     new: 0x04a08c60 (memalign            ) R-> (1017.0) 0x0484e050 aligned_alloc
==120875== WARNING: new redirection conflicts with existing -- ignoring it
--120875--     old: 0x04a08c60 (memalign            ) R-> (1011.0) 0x0484e080 memalign
--120875--     new: 0x04a08c60 (memalign            ) R-> (1017.0) 0x0484e020 aligned_alloc
--120875-- REDIR: 0x4a0b720 (libc.so.6:strnlen) redirected to 0x483f220 (_vgnU_ifunc_wrapper)
--120875-- REDIR: 0x4a0b9e0 (libc.so.6:strpbrk) redirected to 0x483f220 (_vgnU_ifunc_wrapper)
--120875-- REDIR: 0x4a0b2e0 (libc.so.6:strcmp) redirected to 0x483f220 (_vgnU_ifunc_wrapper)
--120875-- REDIR: 0x4a29cd0 (libc.so.6:wcsnlen) redirected to 0x483f220 (_vgnU_ifunc_wrapper)
--120875-- REDIR: 0x4a0c6d0 (libc.so.6:memset) redirected to 0x483f220 (_vgnU_ifunc_wrapper)
--120875-- REDIR: 0x4a28540 (libc.so.6:wcslen) redirected to 0x483f220 (_vgnU_ifunc_wrapper)
--120875-- REDIR: 0x4a0cc10 (libc.so.6:memcpy@@GLIBC_2.14) redirected to 0x483f220 (_vgnU_ifunc_wrapper)
--120875-- REDIR: 0x4a28370 (libc.so.6:wcschr) redirected to 0x483f220 (_vgnU_ifunc_wrapper)
--120875-- REDIR: 0x4a0b260 (libc.so.6:index) redirected to 0x483f220 (_vgnU_ifunc_wrapper)
--120875-- REDIR: 0x4a0b960 (libc.so.6:rindex) redirected to 0x483f220 (_vgnU_ifunc_wrapper)
--120875-- REDIR: 0x4a0c5a0 (libc.so.6:memmove) redirected to 0x483f220 (_vgnU_ifunc_wrapper)
==120875== Preferring higher priority redirection:
--120875--     old: 0x04b037c0 (__memcpy_avx_unalign) R-> (2018.0) 0x04850f90 __memcpy_avx_unaligned_erms
--120875--     new: 0x04b037c0 (__memcpy_avx_unalign) R-> (2018.1) 0x04852880 memmove
--120875-- REDIR: 0x4a283f0 (libc.so.6:wcscmp) redirected to 0x483f220 (_vgnU_ifunc_wrapper)
--120875-- REDIR: 0x4a0c9e0 (libc.so.6:stpncpy) redirected to 0x483f220 (_vgnU_ifunc_wrapper)
--120875-- REDIR: 0x4a289b0 (libc.so.6:wmemchr) redirected to 0x483f220 (_vgnU_ifunc_wrapper)
--120875-- REDIR: 0x4a0b830 (libc.so.6:strncmp) redirected to 0x483f220 (_vgnU_ifunc_wrapper)
--120875-- REDIR: 0x4a0ca70 (libc.so.6:strcasecmp) redirected to 0x483f220 (_vgnU_ifunc_wrapper)
--120875-- REDIR: 0x4a0b420 (libc.so.6:strcspn) redirected to 0x483f220 (_vgnU_ifunc_wrapper)
--120875-- REDIR: 0x4a28470 (libc.so.6:wcscpy) redirected to 0x483f220 (_vgnU_ifunc_wrapper)
--120875-- REDIR: 0x4a0b1d0 (libc.so.6:strcat) redirected to 0x483f220 (_vgnU_ifunc_wrapper)
--120875-- REDIR: 0x4a0cb60 (libc.so.6:strncasecmp_l) redirected to 0x483f220 (_vgnU_ifunc_wrapper)
--120875-- REDIR: 0x4a0c480 (libc.so.6:bcmp) redirected to 0x483f220 (_vgnU_ifunc_wrapper)
--120875-- REDIR: 0x4a14570 (libc.so.6:memrchr) redirected to 0x483f220 (_vgnU_ifunc_wrapper)
--120875-- REDIR: 0x4a0e010 (libc.so.6:strchrnul) redirected to 0x483f220 (_vgnU_ifunc_wrapper)
--120875-- REDIR: 0x4a0b390 (libc.so.6:strcpy) redirected to 0x483f220 (_vgnU_ifunc_wrapper)
--120875-- REDIR: 0x4a0cb10 (libc.so.6:strcasecmp_l) redirected to 0x483f220 (_vgnU_ifunc_wrapper)
--120875-- REDIR: 0x4a0b6a0 (libc.so.6:strlen) redirected to 0x483f220 (_vgnU_ifunc_wrapper)
--120875-- REDIR: 0x4a0b8d0 (libc.so.6:strncpy) redirected to 0x483f220 (_vgnU_ifunc_wrapper)
--120875-- REDIR: 0x4a0c950 (libc.so.6:stpcpy) redirected to 0x483f220 (_vgnU_ifunc_wrapper)
--120875-- REDIR: 0x4a0c3f0 (libc.so.6:memchr) redirected to 0x483f220 (_vgnU_ifunc_wrapper)
--120875-- REDIR: 0x4a0bb00 (libc.so.6:strspn) redirected to 0x483f220 (_vgnU_ifunc_wrapper)
--120875-- REDIR: 0x4a0c7d0 (libc.so.6:mempcpy) redirected to 0x483f220 (_vgnU_ifunc_wrapper)
--120875-- REDIR: 0x4a0cac0 (libc.so.6:strncasecmp) redirected to 0x483f220 (_vgnU_ifunc_wrapper)
--120875-- REDIR: 0x4a0df80 (libc.so.6:rawmemchr) redirected to 0x483f220 (_vgnU_ifunc_wrapper)
--120875-- REDIR: 0x4b00610 (libc.so.6:__strrchr_avx2) redirected to 0x484e810 (rindex)
--120875-- REDIR: 0x4b007e0 (libc.so.6:__strlen_avx2) redirected to 0x484ed10 (strlen)
--120875-- REDIR: 0x4afca80 (libc.so.6:__memcmp_avx2_movbe) redirected to 0x4852010 (bcmp)
--120875-- REDIR: 0x4afb940 (libc.so.6:__strcmp_avx2) redirected to 0x484fbd0 (strcmp)
--120875-- REDIR: 0x4a080a0 (libc.so.6:malloc) redirected to 0x4848820 (malloc)
--120875-- REDIR: 0x4a27870 (libc.so.6:memcpy@GLIBC_2.2.5) redirected to 0x484fe00 (memcpy@GLIBC_2.2.5)
--120875-- REDIR: 0x4a083e0 (libc.so.6:free) redirected to 0x484b210 (free)
--120875-- REDIR: 0x4b03780 (libc.so.6:__mempcpy_avx_unaligned_erms) redirected to 0x4853440 (mempcpy)
--120875-- REDIR: 0x4b01cb0 (libc.so.6:__strcpy_avx2) redirected to 0x484ee60 (strcpy)
--120875-- REDIR: 0x4afbd80 (libc.so.6:__strncmp_avx2) redirected to 0x484f3e0 (strncmp)
--120875-- REDIR: 0x4a09520 (libc.so.6:calloc) redirected to 0x484d9d0 (calloc)
--120875-- REDIR: 0x4b03f80 (libc.so.6:__memset_avx2_unaligned_erms) redirected to 0x4852770 (memset)
--120875-- REDIR: 0x4b037c0 (libc.so.6:__memcpy_avx_unaligned_erms) redirected to 0x4852880 (memmove)
--120875-- REDIR: 0x4afb5a0 (libc.so.6:__strcspn_sse42) redirected to 0x4853c70 (strcspn)
--120875-- REDIR: 0x4afc2c0 (libc.so.6:__memchr_avx2) redirected to 0x484fd50 (memchr)
--120875-- REDIR: 0x4a0bfc0 (libc.so.6:__GI_strstr) redirected to 0x4853ae0 (__strstr_sse2)
--120875-- REDIR: 0x4b00180 (libc.so.6:__strchr_avx2) redirected to 0x484e9f0 (index)
--120875-- REDIR: 0x4afc590 (libc.so.6:__rawmemchr_avx2) redirected to 0x4853360 (rawmemchr)
==120875== 
==120875== HEAP SUMMARY:
==120875==     in use at exit: 72,704 bytes in 1 blocks
==120875==   total heap usage: 3,330 allocs, 3,329 frees, 312,165 bytes allocated
==120875== 
==120875== Searching for pointers to 1 not-freed blocks
==120875== Checked 220,448 bytes
==120875== 
==120875== 72,704 bytes in 1 blocks are still reachable in loss record 1 of 1
==120875==    at 0x4848899: malloc (in /usr/libexec/valgrind/vgpreload_memcheck-amd64-linux.so)
==120875==    by 0x425CCF: ??? (in /usr/bin/cmake)
==120875==    by 0xE5B92C: ??? (in /usr/bin/cmake)
==120875==    by 0x498CE1B: __libc_start_main@@GLIBC_2.34 (libc-start.c:375)
==120875==    by 0x425FF4: ??? (in /usr/bin/cmake)
==120875==    by 0x1FFF0003C7: ???
==120875==    by 0x1B: ???
==120875==    by 0x4: ???
==120875==    by 0x1FFF000672: ???
==120875==    by 0x1FFF000678: ???
==120875==    by 0x1FFF000680: ???
==120875==    by 0x1FFF000686: ???
==120875== 
==120875== LEAK SUMMARY:
==120875==    definitely lost: 0 bytes in 0 blocks
==120875==    indirectly lost: 0 bytes in 0 blocks
==120875==      possibly lost: 0 bytes in 0 blocks
==120875==    still reachable: 72,704 bytes in 1 blocks
==120875==         suppressed: 0 bytes in 0 blocks
==120875== 
==120875== ERROR SUMMARY: 0 errors from 0 contexts (suppressed: 0 from 0)
